# JRE version: Java(TM) SE Runtime Environment (8.0_202-b08) (build 1.8.0_202-b08)
# Java VM: Java HotSpot(TM) 64-Bit Server VM (25.202-b08 mixed mode windows-amd64 compressed oops)
Heap:
 PSYoungGen      total 75264K, used 12360K [0x000000076c380000, 0x0000000775680000, 0x00000007c0000000)
  eden space 64512K, 8% used [0x000000076c380000,0x000000076c912a00,0x0000000770280000)
  from space 10752K, 61% used [0x0000000770280000,0x00000007708ff870,0x0000000770d00000)
  to   space 10752K, 0% used [0x0000000774c00000,0x0000000774c00000,0x0000000775680000)
 ParOldGen       total 172032K, used 48K [0x00000006c4a00000, 0x00000006cf200000, 0x000000076c380000)
  object space 172032K, 0% used [0x00000006c4a00000,0x00000006c4a0c010,0x00000006cf200000)
 Metaspace       used 13407K, capacity 13552K, committed 13824K, reserved 1060864K
  class space    used 1480K, capacity 1536K, committed 1536K, reserved 1048576K
GC Heap History (6 events):
Event: 0.728 GC heap before
{Heap before GC invocations=1 (full 0):
 PSYoungGen      total 75264K, used 64512K [0x000000076c380000, 0x0000000771780000, 0x00000007c0000000)
  eden space 64512K, 100% used [0x000000076c380000,0x0000000770280000,0x0000000770280000)
  from space 10752K, 0% used [0x0000000770d00000,0x0000000770d00000,0x0000000771780000)
  to   space 10752K, 0% used [0x0000000770280000,0x0000000770280000,0x0000000770d00000)
 ParOldGen       total 172032K, used 0K [0x00000006c4a00000, 0x00000006cf200000, 0x000000076c380000)
  object space 172032K, 0% used [0x00000006c4a00000,0x00000006c4a00000,0x00000006cf200000)
 Metaspace       used 11387K, capacity 11480K, committed 11648K, reserved 1058816K
  class space    used 1291K, capacity 1338K, committed 1408K, reserved 1048576K
Event: 0.734 GC heap after
Heap after GC invocations=1 (full 0):
 PSYoungGen      total 75264K, used 8813K [0x000000076c380000, 0x0000000771780000, 0x00000007c0000000)
  eden space 64512K, 0% used [0x000000076c380000,0x000000076c380000,0x0000000770280000)
  from space 10752K, 81% used [0x0000000770280000,0x0000000770b1b4f0,0x0000000770d00000)
  to   space 10752K, 0% used [0x0000000770d00000,0x0000000770d00000,0x0000000771780000)
 ParOldGen       total 172032K, used 24K [0x00000006c4a00000, 0x00000006cf200000, 0x000000076c380000)
  object space 172032K, 0% used [0x00000006c4a00000,0x00000006c4a06000,0x00000006cf200000)
 Metaspace       used 11387K, capacity 11480K, committed 11648K, reserved 1058816K
  class space    used 1291K, capacity 1338K, committed 1408K, reserved 1048576K
}
Event: 1.004 GC heap before
{Heap before GC invocations=2 (full 0):
 PSYoungGen      total 75264K, used 73325K [0x000000076c380000, 0x0000000771780000, 0x00000007c0000000)
  eden space 64512K, 100% used [0x000000076c380000,0x0000000770280000,0x0000000770280000)
  from space 10752K, 81% used [0x0000000770280000,0x0000000770b1b4f0,0x0000000770d00000)
  to   space 10752K, 0% used [0x0000000770d00000,0x0000000770d00000,0x0000000771780000)
 ParOldGen       total 172032K, used 24K [0x00000006c4a00000, 0x00000006cf200000, 0x000000076c380000)
  object space 172032K, 0% used [0x00000006c4a00000,0x00000006c4a06000,0x00000006cf200000)
 Metaspace       used 12905K, capacity 13072K, committed 13312K, reserved 1060864K
  class space    used 1440K, capacity 1504K, committed 1536K, reserved 1048576K
Event: 1.010 GC heap after
Heap after GC invocations=2 (full 0):
 PSYoungGen      total 75264K, used 7091K [0x000000076c380000, 0x0000000775680000, 0x00000007c0000000)
  eden space 64512K, 0% used [0x000000076c380000,0x000000076c380000,0x0000000770280000)
  from space 10752K, 65% used [0x0000000770d00000,0x00000007713eceb0,0x0000000771780000)
  to   space 10752K, 0% used [0x0000000770280000,0x0000000770280000,0x0000000770d00000)
 ParOldGen       total 172032K, used 40K [0x00000006c4a00000, 0x00000006cf200000, 0x000000076c380000)
  object space 172032K, 0% used [0x00000006c4a00000,0x00000006c4a0a010,0x00000006cf200000)
 Metaspace       used 12905K, capacity 13072K, committed 13312K, reserved 1060864K
  class space    used 1440K, capacity 1504K, committed 1536K, reserved 1048576K
}
Event: 1.305 GC heap before
{Heap before GC invocations=3 (full 0):
 PSYoungGen      total 75264K, used 71603K [0x000000076c380000, 0x0000000775680000, 0x00000007c0000000)
  eden space 64512K, 100% used [0x000000076c380000,0x0000000770280000,0x0000000770280000)
  from space 10752K, 65% used [0x0000000770d00000,0x00000007713eceb0,0x0000000771780000)
  to   space 10752K, 0% used [0x0000000770280000,0x0000000770280000,0x0000000770d00000)
 ParOldGen       total 172032K, used 40K [0x00000006c4a00000, 0x00000006cf200000, 0x000000076c380000)
  object space 172032K, 0% used [0x00000006c4a00000,0x00000006c4a0a010,0x00000006cf200000)
 Metaspace       used 13374K, capacity 13552K, committed 13824K, reserved 1060864K
  class space    used 1476K, capacity 1536K, committed 1536K, reserved 1048576K
Event: 1.310 GC heap after
Heap after GC invocations=3 (full 0):
 PSYoungGen      total 75264K, used 6654K [0x000000076c380000, 0x0000000775680000, 0x00000007c0000000)
  eden space 64512K, 0% used [0x000000076c380000,0x000000076c380000,0x0000000770280000)
  from space 10752K, 61% used [0x0000000770280000,0x00000007708ff870,0x0000000770d00000)
  to   space 10752K, 0% used [0x0000000774c00000,0x0000000774c00000,0x0000000775680000)
 ParOldGen       total 172032K, used 48K [0x00000006c4a00000, 0x00000006cf200000, 0x000000076c380000)
  object space 172032K, 0% used [0x00000006c4a00000,0x00000006c4a0c010,0x00000006cf200000)
 Metaspace       used 13374K, capacity 13552K, committed 13824K, reserved 1060864K
  class space    used 1476K, capacity 1536K, committed 1536K, reserved 1048576K
}

